2026-04-01 12:22:17,292 [INFO] mm.main: Starting XMR1/USDC MM — wallet: 0x81f2902e...
2026-04-01 12:22:17,555 [INFO] mm.orders: Cancelled 0 stale orders
2026-04-01 12:22:17,557 [INFO] mm.main: Waiting for price feeds...
2026-04-01 12:22:17,692 [INFO] mm.price_feed: Binance WS connected
2026-04-01 12:22:18,107 [INFO] mm.orders: Cancelled 0 stale orders
2026-04-01 12:22:18,790 [INFO] mm.price_feed: Kraken WS connected
2026-04-01 12:22:39,642 [ERROR] asyncio: Task was destroyed but it is pending!
task: <Task cancelling name='Task-3' coro=<binance_ws_feed() running at /opt/xmr1-market-maker/bot/price_feed.py:90> wait_for=<Future pending cb=[shield.<locals>._outer_done_callback() at /usr/lib/python3.12/asyncio/tasks.py:922, Task.task_wakeup()]> cb=[gather.<locals>._done_callback() at /usr/lib/python3.12/asyncio/tasks.py:767]>
2026-04-01 12:23:45,847 [INFO] mm.main: Starting XMR1/USDC MM — wallet: 0x81f2902e...
2026-04-01 12:23:46,150 [INFO] mm.orders: Cancelled 0 stale orders
2026-04-01 12:23:46,152 [INFO] mm.main: Waiting for price feeds...
2026-04-01 12:23:46,235 [INFO] mm.price_feed: Binance WS connected
2026-04-01 12:23:46,831 [INFO] mm.orders: Cancelled 0 stale orders
2026-04-01 12:23:47,329 [INFO] mm.price_feed: Kraken WS connected
2026-04-01 12:24:02,514 [INFO] mm.orders: Cancelled 0 stale orders
2026-04-01 12:24:18,127 [INFO] mm.orders: Cancelled 0 stale orders
2026-04-01 12:24:48,783 [INFO] mm.orders: Cancelled 0 stale orders
2026-04-01 12:25:19,418 [INFO] mm.orders: Cancelled 0 stale orders
2026-04-01 12:25:50,168 [INFO] mm.orders: Cancelled 0 stale orders
2026-04-01 12:26:20,888 [INFO] mm.orders: Cancelled 0 stale orders
2026-04-01 12:26:51,568 [INFO] mm.orders: Cancelled 0 stale orders
2026-04-01 12:27:22,210 [INFO] mm.orders: Cancelled 0 stale orders
2026-04-01 12:27:52,936 [INFO] mm.orders: Cancelled 0 stale orders
2026-04-01 12:28:23,557 [INFO] mm.orders: Cancelled 0 stale orders
2026-04-01 12:28:54,178 [INFO] mm.orders: Cancelled 0 stale orders
2026-04-01 12:29:24,826 [INFO] mm.orders: Cancelled 0 stale orders
2026-04-01 12:29:49,447 [INFO] mm.orders: Cancelled 0 stale orders
2026-04-01 12:29:56,149 [INFO] mm.orders: Cancelled 0 stale orders
2026-04-01 12:30:11,806 [INFO] mm.orders: Cancelled 0 stale orders
2026-04-01 12:30:27,575 [INFO] mm.orders: Cancelled 0 stale orders
2026-04-01 12:30:58,274 [INFO] mm.orders: Cancelled 0 stale orders
2026-04-01 12:31:28,916 [INFO] mm.orders: Cancelled 0 stale orders
2026-04-01 12:31:59,564 [INFO] mm.orders: Cancelled 0 stale orders
2026-04-01 12:32:30,209 [INFO] mm.orders: Cancelled 0 stale orders
2026-04-01 12:33:00,859 [INFO] mm.orders: Cancelled 0 stale orders
2026-04-01 12:33:31,510 [INFO] mm.orders: Cancelled 0 stale orders
2026-04-01 12:34:02,244 [INFO] mm.orders: Cancelled 0 stale orders
2026-04-01 12:34:33,128 [INFO] mm.orders: Cancelled 0 stale orders
2026-04-01 12:35:03,813 [INFO] mm.orders: Cancelled 0 stale orders
2026-04-01 12:35:34,607 [INFO] mm.orders: Cancelled 0 stale orders
2026-04-01 12:36:05,254 [INFO] mm.orders: Cancelled 0 stale orders
2026-04-01 12:36:35,926 [INFO] mm.orders: Cancelled 0 stale orders
2026-04-01 12:37:00,637 [INFO] mm.orders: Cancelled 0 stale orders
2026-04-01 12:37:07,271 [INFO] mm.orders: Cancelled 0 stale orders
2026-04-01 12:37:31,921 [INFO] mm.orders: Cancelled 0 stale orders
2026-04-01 12:37:38,561 [INFO] mm.orders: Cancelled 0 stale orders
2026-04-01 12:37:45,205 [INFO] mm.orders: Cancelled 0 stale orders
2026-04-01 12:38:09,882 [INFO] mm.orders: Cancelled 0 stale orders
2026-04-01 12:38:40,749 [INFO] mm.orders: Cancelled 0 stale orders
2026-04-01 12:39:11,416 [INFO] mm.orders: Cancelled 0 stale orders
2026-04-01 12:39:42,068 [INFO] mm.orders: Cancelled 0 stale orders
2026-04-01 12:40:12,811 [INFO] mm.orders: Cancelled 0 stale orders
2026-04-01 12:40:43,525 [INFO] mm.orders: Cancelled 0 stale orders
2026-04-01 12:41:14,160 [INFO] mm.orders: Cancelled 0 stale orders
2026-04-01 12:41:44,795 [INFO] mm.orders: Cancelled 0 stale orders
2026-04-01 12:42:15,453 [INFO] mm.orders: Cancelled 0 stale orders
2026-04-01 12:42:46,183 [INFO] mm.orders: Cancelled 0 stale orders
2026-04-01 12:43:16,818 [INFO] mm.orders: Cancelled 0 stale orders
2026-04-01 12:43:47,545 [INFO] mm.orders: Cancelled 0 stale orders
2026-04-01 12:44:18,673 [INFO] mm.orders: Cancelled 0 stale orders
2026-04-01 12:44:49,374 [INFO] mm.orders: Cancelled 0 stale orders
2026-04-01 12:44:59,605 [INFO] mm.orders: Cancelled 0 stale orders
2026-04-01 12:45:15,502 [INFO] mm.orders: Cancelled 0 stale orders
2026-04-01 12:45:22,130 [INFO] mm.orders: Cancelled 0 stale orders
2026-04-01 12:45:31,768 [INFO] mm.orders: Cancelled 0 stale orders
2026-04-01 12:45:53,388 [INFO] mm.orders: Cancelled 0 stale orders
2026-04-01 12:46:18,087 [INFO] mm.orders: Cancelled 0 stale orders
2026-04-01 12:46:24,706 [INFO] mm.orders: Cancelled 0 stale orders
2026-04-01 12:46:31,369 [INFO] mm.orders: Cancelled 0 stale orders
2026-04-01 12:46:56,166 [INFO] mm.orders: Cancelled 0 stale orders
2026-04-01 12:47:26,794 [INFO] mm.orders: Cancelled 0 stale orders
2026-04-01 12:47:57,430 [INFO] mm.orders: Cancelled 0 stale orders
2026-04-01 12:48:28,239 [INFO] mm.orders: Cancelled 0 stale orders
2026-04-01 12:48:43,924 [INFO] mm.orders: Cancelled 0 stale orders
2026-04-01 12:48:59,573 [INFO] mm.orders: Cancelled 0 stale orders
2026-04-01 12:49:30,209 [INFO] mm.orders: Cancelled 0 stale orders
2026-04-01 12:50:01,399 [INFO] mm.orders: Cancelled 0 stale orders
2026-04-01 12:50:32,032 [INFO] mm.orders: Cancelled 0 stale orders
2026-04-01 12:51:02,687 [INFO] mm.orders: Cancelled 0 stale orders
2026-04-01 12:51:33,388 [INFO] mm.orders: Cancelled 0 stale orders
2026-04-01 12:51:58,052 [INFO] mm.orders: Cancelled 0 stale orders
2026-04-01 12:52:04,682 [INFO] mm.orders: Cancelled 0 stale orders
2026-04-01 12:52:35,312 [INFO] mm.orders: Cancelled 0 stale orders
2026-04-01 12:53:06,087 [INFO] mm.orders: Cancelled 0 stale orders
2026-04-01 12:53:36,732 [INFO] mm.orders: Cancelled 0 stale orders
2026-04-01 12:54:07,474 [INFO] mm.orders: Cancelled 0 stale orders
2026-04-01 12:54:38,892 [INFO] mm.orders: Cancelled 0 stale orders
2026-04-01 12:55:09,548 [INFO] mm.orders: Cancelled 0 stale orders
2026-04-01 12:55:40,203 [INFO] mm.orders: Cancelled 0 stale orders
2026-04-01 12:56:10,871 [INFO] mm.orders: Cancelled 0 stale orders
2026-04-01 12:56:41,535 [INFO] mm.orders: Cancelled 0 stale orders
2026-04-01 12:57:12,188 [INFO] mm.orders: Cancelled 0 stale orders
2026-04-01 12:57:42,887 [INFO] mm.orders: Cancelled 0 stale orders
2026-04-01 12:58:13,540 [INFO] mm.orders: Cancelled 0 stale orders
2026-04-01 12:58:44,190 [INFO] mm.orders: Cancelled 0 stale orders
2026-04-01 12:59:14,844 [INFO] mm.orders: Cancelled 0 stale orders
2026-04-01 12:59:45,501 [INFO] mm.orders: Cancelled 0 stale orders
2026-04-01 13:00:01,528 [INFO] mm.orders: Cancelled 0 stale orders
2026-04-01 13:00:11,148 [INFO] mm.orders: Cancelled 0 stale orders
2026-04-01 13:00:17,772 [INFO] mm.orders: Cancelled 0 stale orders
2026-04-01 13:00:48,411 [INFO] mm.orders: Cancelled 0 stale orders
2026-04-01 13:01:19,289 [INFO] mm.orders: Cancelled 0 stale orders
2026-04-01 13:01:49,927 [INFO] mm.orders: Cancelled 0 stale orders
2026-04-01 13:02:11,551 [INFO] mm.orders: Cancelled 0 stale orders
2026-04-01 13:02:21,171 [INFO] mm.orders: Cancelled 0 stale orders
2026-04-01 13:02:24,801 [INFO] mm.orders: Cancelled 0 stale orders
2026-04-01 13:02:43,429 [INFO] mm.orders: Cancelled 0 stale orders
2026-04-01 13:02:53,274 [INFO] mm.orders: Cancelled 0 stale orders
2026-04-01 13:03:23,914 [INFO] mm.orders: Cancelled 0 stale orders
2026-04-01 13:03:54,555 [INFO] mm.orders: Cancelled 0 stale orders
2026-04-01 13:04:25,231 [INFO] mm.orders: Cancelled 0 stale orders
2026-04-01 13:04:55,886 [INFO] mm.orders: Cancelled 0 stale orders
2026-04-01 13:05:26,539 [INFO] mm.orders: Cancelled 0 stale orders
2026-04-01 13:05:57,174 [INFO] mm.orders: Cancelled 0 stale orders
2026-04-01 13:06:18,870 [INFO] mm.orders: Cancelled 0 stale orders
2026-04-01 13:06:28,498 [INFO] mm.orders: Cancelled 0 stale orders
2026-04-01 13:06:59,217 [INFO] mm.orders: Cancelled 0 stale orders
2026-04-01 13:07:30,627 [INFO] mm.orders: Cancelled 0 stale orders
2026-04-01 13:08:01,289 [INFO] mm.orders: Cancelled 0 stale orders
2026-04-01 13:08:31,919 [INFO] mm.orders: Cancelled 0 stale orders
2026-04-01 13:09:02,562 [INFO] mm.orders: Cancelled 0 stale orders
2026-04-01 13:09:33,367 [INFO] mm.orders: Cancelled 0 stale orders
2026-04-01 13:10:04,174 [INFO] mm.orders: Cancelled 0 stale orders
2026-04-01 13:10:28,838 [INFO] mm.orders: Cancelled 0 stale orders
2026-04-01 13:10:35,604 [INFO] mm.orders: Cancelled 0 stale orders
2026-04-01 13:11:06,243 [INFO] mm.orders: Cancelled 0 stale orders
2026-04-01 13:11:37,452 [INFO] mm.orders: Cancelled 0 stale orders
2026-04-01 13:11:56,511 [INFO] mm.orders: Cancelled 0 stale orders
2026-04-01 13:12:09,336 [INFO] mm.orders: Cancelled 0 stale orders
2026-04-01 13:12:39,996 [INFO] mm.orders: Cancelled 0 stale orders
2026-04-01 13:13:10,621 [INFO] mm.orders: Cancelled 0 stale orders
2026-04-01 13:13:41,255 [INFO] mm.orders: Cancelled 0 stale orders
2026-04-01 13:14:11,958 [INFO] mm.orders: Cancelled 0 stale orders
2026-04-01 13:14:42,588 [INFO] mm.orders: Cancelled 0 stale orders
2026-04-01 13:15:13,381 [INFO] mm.orders: Cancelled 0 stale orders
2026-04-01 13:15:44,043 [INFO] mm.orders: Cancelled 0 stale orders
2026-04-01 13:16:15,525 [INFO] mm.orders: Cancelled 0 stale orders
2026-04-01 13:16:46,161 [INFO] mm.orders: Cancelled 0 stale orders
2026-04-01 13:17:16,791 [INFO] mm.orders: Cancelled 0 stale orders
2026-04-01 13:17:47,426 [INFO] mm.orders: Cancelled 0 stale orders
2026-04-01 13:18:18,081 [INFO] mm.orders: Cancelled 0 stale orders
2026-04-01 13:18:48,716 [INFO] mm.orders: Cancelled 0 stale orders
2026-04-01 13:19:19,354 [INFO] mm.orders: Cancelled 0 stale orders
2026-04-01 13:19:50,057 [INFO] mm.orders: Cancelled 0 stale orders
2026-04-01 13:20:20,762 [INFO] mm.orders: Cancelled 0 stale orders
2026-04-01 13:20:51,594 [INFO] mm.orders: Cancelled 0 stale orders
2026-04-01 13:21:22,805 [INFO] mm.orders: Cancelled 0 stale orders
2026-04-01 13:21:53,494 [INFO] mm.orders: Cancelled 0 stale orders
2026-04-01 13:22:24,135 [INFO] mm.orders: Cancelled 0 stale orders
2026-04-01 13:22:54,796 [INFO] mm.orders: Cancelled 0 stale orders
2026-04-01 13:23:25,592 [INFO] mm.orders: Cancelled 0 stale orders
2026-04-01 13:23:56,256 [INFO] mm.orders: Cancelled 0 stale orders
2026-04-01 13:24:26,927 [INFO] mm.orders: Cancelled 0 stale orders
2026-04-01 13:24:57,559 [INFO] mm.orders: Cancelled 0 stale orders
2026-04-01 13:25:28,313 [INFO] mm.orders: Cancelled 0 stale orders
2026-04-01 13:25:58,944 [INFO] mm.orders: Cancelled 0 stale orders
2026-04-01 13:26:30,248 [INFO] mm.orders: Cancelled 0 stale orders
2026-04-01 13:27:00,882 [INFO] mm.orders: Cancelled 0 stale orders
2026-04-01 13:27:19,509 [INFO] mm.orders: Cancelled 0 stale orders
2026-04-01 13:27:32,150 [INFO] mm.orders: Cancelled 0 stale orders
2026-04-01 13:28:02,802 [INFO] mm.orders: Cancelled 0 stale orders
2026-04-01 13:28:33,448 [INFO] mm.orders: Cancelled 0 stale orders
2026-04-01 13:29:04,097 [INFO] mm.orders: Cancelled 0 stale orders
2026-04-01 13:29:34,733 [INFO] mm.orders: Cancelled 0 stale orders
2026-04-01 13:30:05,387 [INFO] mm.orders: Cancelled 0 stale orders
2026-04-01 13:30:36,009 [INFO] mm.orders: Cancelled 0 stale orders
2026-04-01 13:31:06,642 [INFO] mm.orders: Cancelled 0 stale orders
2026-04-01 13:31:37,278 [INFO] mm.orders: Cancelled 0 stale orders
2026-04-01 13:32:08,031 [INFO] mm.orders: Cancelled 0 stale orders
2026-04-01 13:32:35,953 [INFO] mm.orders: Cancelled 0 stale orders
2026-04-01 13:32:39,587 [INFO] mm.orders: Cancelled 0 stale orders
2026-04-01 13:33:10,389 [INFO] mm.orders: Cancelled 0 stale orders
2026-04-01 13:33:41,029 [INFO] mm.orders: Cancelled 0 stale orders
2026-04-01 13:34:09,223 [INFO] mm.orders: Cancelled 0 stale orders
2026-04-01 13:34:13,061 [INFO] mm.orders: Cancelled 0 stale orders
2026-04-01 13:34:44,177 [INFO] mm.orders: Cancelled 0 stale orders
2026-04-01 13:35:15,075 [INFO] mm.orders: Cancelled 0 stale orders
2026-04-01 13:35:45,773 [INFO] mm.orders: Cancelled 0 stale orders
2026-04-01 13:36:16,407 [INFO] mm.orders: Cancelled 0 stale orders
2026-04-01 13:36:26,044 [INFO] mm.orders: Cancelled 0 stale orders
2026-04-01 13:36:47,674 [INFO] mm.orders: Cancelled 0 stale orders
2026-04-01 13:37:18,333 [INFO] mm.orders: Cancelled 0 stale orders
2026-04-01 13:37:40,119 [INFO] mm.orders: Cancelled 0 stale orders
2026-04-01 13:37:49,910 [INFO] mm.orders: Cancelled 0 stale orders
2026-04-01 13:38:20,556 [INFO] mm.orders: Cancelled 0 stale orders
2026-04-01 13:38:51,241 [INFO] mm.orders: Cancelled 0 stale orders
2026-04-01 13:39:21,884 [INFO] mm.orders: Cancelled 0 stale orders
2026-04-01 13:39:52,551 [INFO] mm.orders: Cancelled 0 stale orders
2026-04-01 13:40:17,231 [INFO] mm.orders: Cancelled 0 stale orders
2026-04-01 13:40:23,871 [INFO] mm.orders: Cancelled 0 stale orders
2026-04-01 13:40:54,511 [INFO] mm.orders: Cancelled 0 stale orders
2026-04-01 13:41:19,144 [INFO] mm.orders: Cancelled 0 stale orders
2026-04-01 13:41:25,775 [INFO] mm.orders: Cancelled 0 stale orders
2026-04-01 13:41:53,453 [INFO] mm.orders: Cancelled 0 stale orders
2026-04-01 13:41:57,061 [INFO] mm.orders: Cancelled 0 stale orders
2026-04-01 13:42:28,008 [INFO] mm.orders: Cancelled 0 stale orders
2026-04-01 13:42:58,703 [INFO] mm.orders: Cancelled 0 stale orders
2026-04-01 13:43:29,342 [INFO] mm.orders: Cancelled 0 stale orders
2026-04-01 13:43:59,962 [INFO] mm.orders: Cancelled 0 stale orders
2026-04-01 13:44:30,690 [INFO] mm.orders: Cancelled 0 stale orders
2026-04-01 13:45:01,408 [INFO] mm.orders: Cancelled 0 stale orders
2026-04-01 13:45:32,027 [INFO] mm.orders: Cancelled 0 stale orders
2026-04-01 13:46:02,699 [INFO] mm.orders: Cancelled 0 stale orders
2026-04-01 13:46:24,318 [INFO] mm.orders: Cancelled 0 stale orders
2026-04-01 13:46:33,941 [INFO] mm.orders: Cancelled 0 stale orders
2026-04-01 13:47:04,589 [INFO] mm.orders: Cancelled 0 stale orders
2026-04-01 13:47:35,252 [INFO] mm.orders: Cancelled 0 stale orders
2026-04-01 13:48:06,174 [INFO] mm.orders: Cancelled 0 stale orders
2026-04-01 13:48:36,860 [INFO] mm.orders: Cancelled 0 stale orders
2026-04-01 13:49:07,487 [INFO] mm.orders: Cancelled 0 stale orders
2026-04-01 13:49:35,109 [INFO] mm.orders: Cancelled 0 stale orders
2026-04-01 13:49:38,713 [INFO] mm.orders: Cancelled 0 stale orders
2026-04-01 13:50:09,368 [INFO] mm.orders: Cancelled 0 stale orders
2026-04-01 13:50:40,025 [INFO] mm.orders: Cancelled 0 stale orders
2026-04-01 13:50:58,676 [INFO] mm.orders: Cancelled 0 stale orders
2026-04-01 13:51:11,387 [INFO] mm.orders: Cancelled 0 stale orders
2026-04-01 13:51:42,058 [INFO] mm.orders: Cancelled 0 stale orders
2026-04-01 13:52:06,709 [INFO] mm.orders: Cancelled 0 stale orders
2026-04-01 13:52:14,002 [INFO] mm.orders: Cancelled 0 stale orders
2026-04-01 13:52:32,706 [INFO] mm.orders: Cancelled 0 stale orders
2026-04-01 13:52:45,416 [INFO] mm.orders: Cancelled 0 stale orders
2026-04-01 13:53:16,138 [INFO] mm.orders: Cancelled 0 stale orders
2026-04-01 13:53:43,810 [INFO] mm.orders: Cancelled 0 stale orders
2026-04-01 13:53:47,481 [INFO] mm.orders: Cancelled 0 stale orders
2026-04-01 13:53:57,338 [INFO] mm.orders: Cancelled 0 stale orders
2026-04-01 13:54:18,987 [INFO] mm.orders: Cancelled 0 stale orders
2026-04-01 13:54:49,658 [INFO] mm.orders: Cancelled 0 stale orders
2026-04-01 13:55:20,336 [INFO] mm.orders: Cancelled 0 stale orders
2026-04-01 13:55:50,989 [INFO] mm.orders: Cancelled 0 stale orders
2026-04-01 13:56:21,651 [INFO] mm.orders: Cancelled 0 stale orders
2026-04-01 13:56:52,310 [INFO] mm.orders: Cancelled 0 stale orders
2026-04-01 13:57:05,021 [INFO] mm.orders: Cancelled 0 stale orders
2026-04-01 13:57:20,699 [INFO] mm.orders: Cancelled 0 stale orders
2026-04-01 13:57:24,402 [INFO] mm.orders: Cancelled 0 stale orders
2026-04-01 13:57:55,054 [INFO] mm.orders: Cancelled 0 stale orders
2026-04-01 13:58:10,867 [INFO] mm.orders: Cancelled 0 stale orders
2026-04-01 13:58:26,524 [INFO] mm.orders: Cancelled 0 stale orders
2026-04-01 13:58:57,181 [INFO] mm.orders: Cancelled 0 stale orders
2026-04-01 13:59:06,839 [INFO] mm.orders: Cancelled 0 stale orders
2026-04-01 13:59:28,494 [INFO] mm.orders: Cancelled 0 stale orders
2026-04-01 13:59:47,276 [INFO] mm.orders: Cancelled 0 stale orders
2026-04-01 13:59:59,909 [INFO] mm.orders: Cancelled 0 stale orders
2026-04-01 14:00:24,552 [INFO] mm.orders: Cancelled 0 stale orders
2026-04-01 14:00:31,232 [INFO] mm.orders: Cancelled 0 stale orders
2026-04-01 14:01:01,929 [INFO] mm.orders: Cancelled 0 stale orders
2026-04-01 14:01:32,686 [INFO] mm.orders: Cancelled 0 stale orders
2026-04-01 14:02:03,514 [INFO] mm.orders: Cancelled 0 stale orders
2026-04-01 14:02:34,208 [INFO] mm.orders: Cancelled 0 stale orders
2026-04-01 14:03:04,910 [INFO] mm.orders: Cancelled 0 stale orders
2026-04-01 14:03:32,555 [INFO] mm.orders: Cancelled 0 stale orders
2026-04-01 14:03:36,179 [INFO] mm.orders: Cancelled 0 stale orders
2026-04-01 14:03:51,814 [INFO] mm.orders: Cancelled 0 stale orders
2026-04-01 14:04:07,526 [INFO] mm.orders: Cancelled 0 stale orders
2026-04-01 14:04:38,195 [INFO] mm.orders: Cancelled 0 stale orders
2026-04-01 14:05:08,884 [INFO] mm.orders: Cancelled 0 stale orders
2026-04-01 14:05:18,565 [INFO] mm.orders: Cancelled 0 stale orders
2026-04-01 14:05:40,400 [INFO] mm.orders: Cancelled 0 stale orders
2026-04-01 14:06:11,034 [INFO] mm.orders: Cancelled 0 stale orders
2026-04-01 14:06:41,918 [INFO] mm.orders: Cancelled 0 stale orders
2026-04-01 14:07:12,622 [INFO] mm.orders: Cancelled 0 stale orders
2026-04-01 14:07:43,251 [INFO] mm.orders: Cancelled 0 stale orders
2026-04-01 14:07:52,998 [INFO] mm.orders: Cancelled 0 stale orders
2026-04-01 14:08:14,734 [INFO] mm.orders: Cancelled 0 stale orders
2026-04-01 14:08:45,382 [INFO] mm.orders: Cancelled 0 stale orders
2026-04-01 14:09:16,042 [INFO] mm.orders: Cancelled 0 stale orders
2026-04-01 14:09:46,706 [INFO] mm.orders: Cancelled 0 stale orders
2026-04-01 14:10:17,355 [INFO] mm.orders: Cancelled 0 stale orders
2026-04-01 14:10:27,023 [INFO] mm.orders: Cancelled 0 stale orders
2026-04-01 14:10:48,694 [INFO] mm.orders: Cancelled 0 stale orders
2026-04-01 14:11:19,357 [INFO] mm.orders: Cancelled 0 stale orders
2026-04-01 14:11:50,034 [INFO] mm.orders: Cancelled 0 stale orders
2026-04-01 14:12:20,690 [INFO] mm.orders: Cancelled 0 stale orders
2026-04-01 14:12:51,678 [INFO] mm.orders: Cancelled 0 stale orders
2026-04-01 14:13:22,425 [INFO] mm.orders: Cancelled 0 stale orders
2026-04-01 14:13:53,082 [INFO] mm.orders: Cancelled 0 stale orders
2026-04-01 14:14:23,794 [INFO] mm.orders: Cancelled 0 stale orders
2026-04-01 14:14:54,457 [INFO] mm.orders: Cancelled 0 stale orders
2026-04-01 14:15:10,645 [INFO] mm.orders: Cancelled 0 stale orders
2026-04-01 14:15:17,269 [INFO] mm.orders: Cancelled 0 stale orders
2026-04-01 14:15:26,941 [INFO] mm.orders: Cancelled 0 stale orders
2026-04-01 14:15:57,581 [INFO] mm.orders: Cancelled 0 stale orders
2026-04-01 14:16:28,222 [INFO] mm.orders: Cancelled 0 stale orders
2026-04-01 14:16:59,049 [INFO] mm.orders: Cancelled 0 stale orders
2026-04-01 14:17:27,434 [INFO] mm.orders: Cancelled 0 stale orders
2026-04-01 14:17:31,830 [INFO] mm.orders: Cancelled 0 stale orders
2026-04-01 14:18:02,486 [INFO] mm.orders: Cancelled 0 stale orders
2026-04-01 14:18:33,126 [INFO] mm.orders: Cancelled 0 stale orders
2026-04-01 14:19:03,905 [INFO] mm.orders: Cancelled 0 stale orders
2026-04-01 14:19:34,609 [INFO] mm.orders: Cancelled 0 stale orders
2026-04-01 14:20:05,333 [INFO] mm.orders: Cancelled 0 stale orders
2026-04-01 14:20:35,965 [INFO] mm.orders: Cancelled 0 stale orders
2026-04-01 14:21:06,591 [INFO] mm.orders: Cancelled 0 stale orders
2026-04-01 14:21:37,220 [INFO] mm.orders: Cancelled 0 stale orders
2026-04-01 14:22:07,874 [INFO] mm.orders: Cancelled 0 stale orders
2026-04-01 14:22:29,553 [INFO] mm.orders: Cancelled 0 stale orders
2026-04-01 14:22:39,460 [INFO] mm.orders: Cancelled 0 stale orders
2026-04-01 14:23:07,097 [INFO] mm.orders: Cancelled 0 stale orders
2026-04-01 14:23:10,722 [INFO] mm.orders: Cancelled 0 stale orders
2026-04-01 14:23:41,372 [INFO] mm.orders: Cancelled 0 stale orders
2026-04-01 14:23:54,010 [INFO] mm.orders: Cancelled 0 stale orders
2026-04-01 14:24:12,889 [INFO] mm.orders: Cancelled 0 stale orders
2026-04-01 14:24:43,611 [INFO] mm.orders: Cancelled 0 stale orders
2026-04-01 14:25:14,425 [INFO] mm.orders: Cancelled 0 stale orders
2026-04-01 14:25:45,080 [INFO] mm.orders: Cancelled 0 stale orders
2026-04-01 14:26:16,139 [INFO] mm.orders: Cancelled 0 stale orders
2026-04-01 14:26:46,781 [INFO] mm.orders: Cancelled 0 stale orders
2026-04-01 14:27:17,437 [INFO] mm.orders: Cancelled 0 stale orders
2026-04-01 14:27:45,064 [INFO] mm.orders: Cancelled 0 stale orders
2026-04-01 14:27:48,762 [INFO] mm.orders: Cancelled 0 stale orders
2026-04-01 14:28:19,389 [INFO] mm.orders: Cancelled 0 stale orders
2026-04-01 14:28:47,765 [WARNING] mm.price_feed: Kraken WS error: no close frame received or sent, reconnecting in 5s
2026-04-01 14:28:50,019 [INFO] mm.orders: Cancelled 0 stale orders
2026-04-01 14:28:54,140 [INFO] mm.price_feed: Kraken WS connected
2026-04-01 14:29:20,904 [INFO] mm.orders: Cancelled 0 stale orders
2026-04-01 14:29:51,534 [INFO] mm.orders: Cancelled 0 stale orders
2026-04-01 14:30:22,278 [INFO] mm.orders: Cancelled 0 stale orders
2026-04-01 14:30:52,920 [INFO] mm.orders: Cancelled 0 stale orders
2026-04-01 14:31:23,604 [INFO] mm.orders: Cancelled 0 stale orders
2026-04-01 14:31:54,318 [INFO] mm.orders: Cancelled 0 stale orders
2026-04-01 14:32:24,986 [INFO] mm.orders: Cancelled 0 stale orders
2026-04-01 14:32:55,614 [INFO] mm.orders: Cancelled 0 stale orders
2026-04-01 14:33:26,264 [INFO] mm.orders: Cancelled 0 stale orders
2026-04-01 14:33:56,911 [INFO] mm.orders: Cancelled 0 stale orders
2026-04-01 14:34:27,567 [INFO] mm.orders: Cancelled 0 stale orders
2026-04-01 14:34:58,245 [INFO] mm.orders: Cancelled 0 stale orders
2026-04-01 14:35:28,892 [INFO] mm.orders: Cancelled 0 stale orders
2026-04-01 14:35:59,651 [INFO] mm.orders: Cancelled 0 stale orders
2026-04-01 14:36:30,298 [INFO] mm.orders: Cancelled 0 stale orders
2026-04-01 14:37:01,388 [INFO] mm.orders: Cancelled 0 stale orders
2026-04-01 14:37:32,038 [INFO] mm.orders: Cancelled 0 stale orders
2026-04-01 14:38:02,718 [INFO] mm.orders: Cancelled 0 stale orders
2026-04-01 14:38:33,375 [INFO] mm.orders: Cancelled 0 stale orders
2026-04-01 14:39:04,131 [INFO] mm.orders: Cancelled 0 stale orders
2026-04-01 14:39:25,846 [INFO] mm.orders: Cancelled 0 stale orders
2026-04-01 14:39:35,531 [INFO] mm.orders: Cancelled 0 stale orders
2026-04-01 14:40:06,163 [INFO] mm.orders: Cancelled 0 stale orders
2026-04-01 14:40:21,788 [INFO] mm.orders: Cancelled 0 stale orders
2026-04-01 14:40:37,410 [INFO] mm.orders: Cancelled 0 stale orders
2026-04-01 14:41:08,085 [INFO] mm.orders: Cancelled 0 stale orders
2026-04-01 14:41:39,401 [INFO] mm.orders: Cancelled 0 stale orders
2026-04-01 14:41:58,028 [INFO] mm.orders: Cancelled 0 stale orders
2026-04-01 14:42:10,646 [INFO] mm.orders: Cancelled 0 stale orders
2026-04-01 14:42:41,278 [INFO] mm.orders: Cancelled 0 stale orders
2026-04-01 14:43:12,166 [INFO] mm.orders: Cancelled 0 stale orders
2026-04-01 14:43:43,017 [INFO] mm.orders: Cancelled 0 stale orders
2026-04-01 14:44:04,669 [INFO] mm.orders: Cancelled 0 stale orders
2026-04-01 14:44:14,312 [INFO] mm.orders: Cancelled 0 stale orders
2026-04-01 14:44:44,950 [INFO] mm.orders: Cancelled 0 stale orders
2026-04-01 14:45:15,989 [INFO] mm.orders: Cancelled 0 stale orders
2026-04-01 14:45:46,632 [INFO] mm.orders: Cancelled 0 stale orders
2026-04-01 14:46:17,260 [INFO] mm.orders: Cancelled 0 stale orders
2026-04-01 14:46:47,934 [INFO] mm.orders: Cancelled 0 stale orders
2026-04-01 14:47:18,852 [INFO] mm.orders: Cancelled 0 stale orders
2026-04-01 14:47:49,528 [INFO] mm.orders: Cancelled 0 stale orders
2026-04-01 14:48:20,157 [INFO] mm.orders: Cancelled 0 stale orders
2026-04-01 14:48:51,053 [INFO] mm.orders: Cancelled 0 stale orders
2026-04-01 14:49:04,009 [WARNING] mm.price_feed: KuCoin REST error: 
2026-04-01 14:49:21,689 [INFO] mm.orders: Cancelled 0 stale orders
2026-04-01 14:49:52,336 [INFO] mm.orders: Cancelled 0 stale orders
2026-04-01 14:50:23,174 [INFO] mm.orders: Cancelled 0 stale orders
2026-04-01 14:50:53,819 [INFO] mm.orders: Cancelled 0 stale orders
2026-04-01 14:50:57,437 [INFO] mm.orders: Cancelled 0 stale orders
2026-04-01 14:51:25,079 [INFO] mm.orders: Cancelled 0 stale orders
2026-04-01 14:51:55,715 [INFO] mm.orders: Cancelled 0 stale orders
2026-04-01 14:52:26,636 [INFO] mm.orders: Cancelled 0 stale orders
2026-04-01 14:52:57,381 [INFO] mm.orders: Cancelled 0 stale orders
2026-04-01 14:53:28,097 [INFO] mm.orders: Cancelled 0 stale orders
2026-04-01 14:53:58,729 [INFO] mm.orders: Cancelled 0 stale orders
2026-04-01 14:54:29,373 [INFO] mm.orders: Cancelled 0 stale orders
2026-04-01 14:55:00,103 [INFO] mm.orders: Cancelled 0 stale orders
2026-04-01 14:55:30,856 [INFO] mm.orders: Cancelled 0 stale orders
2026-04-01 14:56:02,162 [INFO] mm.orders: Cancelled 0 stale orders
2026-04-01 14:56:32,809 [INFO] mm.orders: Cancelled 0 stale orders
2026-04-01 14:56:36,458 [INFO] mm.orders: Cancelled 0 stale orders
2026-04-01 14:57:04,119 [INFO] mm.orders: Cancelled 0 stale orders
2026-04-01 14:57:34,834 [INFO] mm.orders: Cancelled 0 stale orders
2026-04-01 14:58:05,509 [INFO] mm.orders: Cancelled 0 stale orders
2026-04-01 14:58:18,142 [INFO] mm.orders: Cancelled 0 stale orders
2026-04-01 14:58:36,861 [INFO] mm.orders: Cancelled 0 stale orders
2026-04-01 14:59:07,561 [INFO] mm.orders: Cancelled 0 stale orders
2026-04-01 14:59:38,226 [INFO] mm.orders: Cancelled 0 stale orders
2026-04-01 15:00:08,923 [INFO] mm.orders: Cancelled 0 stale orders
2026-04-01 15:00:39,617 [INFO] mm.orders: Cancelled 0 stale orders
2026-04-01 15:01:10,437 [INFO] mm.orders: Cancelled 0 stale orders
2026-04-01 15:01:41,308 [INFO] mm.orders: Cancelled 0 stale orders
